<?xml version="1.0" encoding="UTF-8"?>
<!-- Generated by org.testng.reporters.JUnitReportReporter -->
<testsuite hostname="ETech-PF3TXXMS" failures="0" tests="1" name="cucumberRunner.CucumberTestRunner" time="28.337" errors="0" timestamp="2024-05-16T11:14:21 IST" skipped="0">
  <testcase classname="cucumberRunner.CucumberTestRunner" name="runScenario" time="28.337"/>
</testsuite> <!-- cucumberRunner.CucumberTestRunner -->
